<?xml version="1.0" encoding="UTF-8"?>
<!-- Generated by org.testng.reporters.JUnitReportReporter -->
<testsuite hostname="Suraj" failures="0" tests="1" name="com.inetBanking.testCases.TC001_LoginTest" time="4.517" errors="0" timestamp="2023-03-27T16:54:47 IST" skipped="0">
  <testcase classname="com.inetBanking.testCases.TC001_LoginTest" name="loginTest" time="4.517"/>
  <system-out/>
</testsuite> <!-- com.inetBanking.testCases.TC001_LoginTest -->
